<?xml version="1.0" encoding="UTF-8"?>
<!-- Generated by org.testng.reporters.JUnitReportReporter -->
<testsuite skipped="0" hostname="usho5cg9083gvy.usho.capco.com" name="testNG.seleniumtest" tests="1" failures="0" timestamp="2021-10-08T01:14:07 CDT" time="11.639" errors="0">
  <testcase name="f" time="11.639" classname="testNG.seleniumtest"/>
  <system-out/>
</testsuite> <!-- testNG.seleniumtest -->
