<?xml version="1.0" encoding="UTF-8"?>
<!-- Generated by org.testng.reporters.JUnitReportReporter -->
<testsuite hostname="usho5cg9083gvy.usho.capco.com" name="testNG.seleniumtest" tests="1" failures="0" timestamp="8 Oct 2021 06:38:51 GMT" time="8.371" errors="0">
  <testcase name="f" time="8.371" classname="testNG.seleniumtest"/>
</testsuite> <!-- testNG.seleniumtest -->
